{"message":null,"level":"error"}
{"message":"User not found.","level":"error"}
{"message":null,"level":"error"}
{"message":"User not found.","level":"error"}
{"message":"Username/email is already taken.","level":"error"}
{"message":"Username/email is already taken.","level":"error"}
{"message":"Username/email is already taken.","level":"error"}
{"message":"Username/email is already taken.","level":"error"}
{"message":"Username/email is already taken.","level":"error"}
{"message":"Username/email is already taken.","level":"error"}
{"message":"Username/email is already taken.","level":"error"}
{"message":"Username/email is already taken.","level":"error"}
{"message":"Username/email is already taken.","level":"error"}
{"message":"Username/email is already taken.","level":"error"}
{"message":"Username/email is already taken.","level":"error"}
{"message":"Username/email is already taken.","level":"error"}
{"message":"Username/email is already taken.","level":"error"}
{"message":"Username/email is already taken.","level":"error"}
{"message":"Username/email is already taken.","level":"error"}
{"message":"Username/email is already taken.","level":"error"}
{"message":"Username/email is already taken.","level":"error"}
{"message":"Username/email is already taken.","level":"error"}
{"message":"Username/email is already taken.","level":"error"}
{"message":"Username/email is already taken.","level":"error"}
{"message":"Username/email is already taken.","level":"error"}
{"message":"Username/email is already taken.","level":"error"}
{"message":"Username/email is already taken.","level":"error"}
{"message":"Username/email is already taken.","level":"error"}
{"message":"Username/email is already taken.","level":"error"}
{"message":"Username/email is already taken.","level":"error"}
{"message":"Username/email is already taken.","level":"error"}
{"message":"Username/email is already taken.","level":"error"}
{"message":"Username/email is already taken.","level":"error"}
{"message":"Username/email is already taken.","level":"error"}
{"message":"Username/email is already taken.","level":"error"}
{"message":"Username/email is already taken.","level":"error"}
{"message":"Username/email is already taken.","level":"error"}
{"message":"Username/email is already taken.","level":"error"}
{"message":"data.populate(...).execPopulate(...).lean is not a function","level":"error"}
{"message":"data.populate(...).execPopulate(...).lean is not a function","level":"error"}
{"message":"data.populate(...).execPopulate(...).toObject is not a function","level":"error"}
{"message":"data.populate(...).execPopulate(...).toObject is not a function","level":"error"}
{"message":"data.populate(...).execPopulate(...).toObject is not a function","level":"error"}
{"message":"data.populate(...).execPopulate(...).toObject is not a function","level":"error"}
{"message":"data.populate(...).execPopulate(...).toObject is not a function","level":"error"}
{"level":"error"}
{"message":"Error has occured while processing your request.","level":"error"}
