::1 - - [15/Sep/2020:16:31:28 +0000] "GET /users HTTP/1.1" 200 187 "-" "PostmanRuntime/7.26.5"
::1 - - [15/Sep/2020:16:32:12 +0000] "GET /users HTTP/1.1" 200 187 "-" "PostmanRuntime/7.26.5"
::1 - - [15/Sep/2020:20:23:42 +0000] "GET /users HTTP/1.1" 200 187 "-" "PostmanRuntime/7.26.5"
::1 - - [15/Sep/2020:20:59:29 +0000] "GET /users HTTP/1.1" 200 187 "-" "PostmanRuntime/7.26.5"
::1 - - [15/Sep/2020:20:59:53 +0000] "GET /users HTTP/1.1" 200 187 "-" "PostmanRuntime/7.26.5"
::1 - - [15/Sep/2020:21:00:23 +0000] "GET /users HTTP/1.1" 200 187 "-" "PostmanRuntime/7.26.5"
::1 - - [15/Sep/2020:21:06:46 +0000] "GET /users HTTP/1.1" 200 187 "-" "PostmanRuntime/7.26.5"
::1 - - [15/Sep/2020:21:08:45 +0000] "GET /users HTTP/1.1" 200 187 "-" "PostmanRuntime/7.26.5"
::1 - - [16/Sep/2020:15:16:03 +0000] "GET /users HTTP/1.1" 200 176 "-" "PostmanRuntime/7.26.5"
::1 - - [16/Sep/2020:15:24:10 +0000] "GET /users HTTP/1.1" 200 176 "-" "PostmanRuntime/7.26.5"
::1 - - [16/Sep/2020:15:25:05 +0000] "GET /users HTTP/1.1" 200 176 "-" "PostmanRuntime/7.26.5"
::1 - - [16/Sep/2020:16:10:53 +0000] "GET /users HTTP/1.1" - - "-" "PostmanRuntime/7.26.5"
::1 - - [16/Sep/2020:16:11:50 +0000] "GET /users HTTP/1.1" 200 176 "-" "PostmanRuntime/7.26.5"
::1 - - [16/Sep/2020:17:35:17 +0000] "GET /users HTTP/1.1" 200 176 "-" "PostmanRuntime/7.26.5"
::1 - - [16/Sep/2020:17:54:19 +0000] "GET /users HTTP/1.1" 200 176 "-" "PostmanRuntime/7.26.5"
::1 - - [16/Sep/2020:18:21:02 +0000] "POST /users HTTP/1.1" 200 211 "-" "PostmanRuntime/7.26.5"
::1 - - [16/Sep/2020:18:21:31 +0000] "GET /users HTTP/1.1" 500 452 "-" "PostmanRuntime/7.26.5"
::1 - - [16/Sep/2020:18:24:04 +0000] "GET /users HTTP/1.1" 200 397 "-" "PostmanRuntime/7.26.5"
::1 - - [16/Sep/2020:18:26:01 +0000] "GET /users HTTP/1.1" 200 397 "-" "PostmanRuntime/7.26.5"
::1 - - [16/Sep/2020:18:32:12 +0000] "POST /users HTTP/1.1" 400 33 "-" "PostmanRuntime/7.26.5"
::1 - - [16/Sep/2020:18:32:59 +0000] "POST /users HTTP/1.1" 400 33 "-" "PostmanRuntime/7.26.5"
::1 - - [16/Sep/2020:18:35:49 +0000] "POST /users HTTP/1.1" 400 33 "-" "PostmanRuntime/7.26.5"
::1 - - [16/Sep/2020:18:37:23 +0000] "POST /users HTTP/1.1" 400 33 "-" "PostmanRuntime/7.26.5"
::1 - - [16/Sep/2020:18:39:00 +0000] "POST /users HTTP/1.1" 500 41 "-" "PostmanRuntime/7.26.5"
::1 - - [16/Sep/2020:18:39:46 +0000] "POST /users HTTP/1.1" 500 112 "-" "PostmanRuntime/7.26.5"
::1 - - [16/Sep/2020:21:32:53 +0000] "GET /users HTTP/1.1" 200 397 "-" "PostmanRuntime/7.26.5"
::1 - - [16/Sep/2020:21:33:04 +0000] "GET /users/5f5ba290056e0c202fb6b40a HTTP/1.1" 200 174 "-" "PostmanRuntime/7.26.5"
::1 - - [19/Sep/2020:08:51:34 +0000] "GET /users/5f5ba290056e0c202fb6b40a HTTP/1.1" 200 174 "-" "PostmanRuntime/7.26.5"
::1 - - [19/Sep/2020:09:27:31 +0000] "GET /users/5f5ba290056e0c202fb6b40a HTTP/1.1" 200 174 "-" "PostmanRuntime/7.26.5"
::1 - - [19/Sep/2020:11:50:45 +0000] "POST /users/signIn HTTP/1.1" - - "-" "PostmanRuntime/7.26.5"
::1 - - [19/Sep/2020:13:13:43 +0000] "POST /users/signIn HTTP/1.1" - - "-" "PostmanRuntime/7.26.5"
::1 - - [19/Sep/2020:13:30:10 +0000] "GET /users HTTP/1.1" 200 397 "-" "PostmanRuntime/7.26.5"
::1 - - [19/Sep/2020:13:32:11 +0000] "POST /users/signIn HTTP/1.1" 200 2 "-" "PostmanRuntime/7.26.5"
::1 - - [19/Sep/2020:13:34:21 +0000] "POST /users/signIn HTTP/1.1" 200 2 "-" "PostmanRuntime/7.26.5"
::1 - - [19/Sep/2020:13:38:07 +0000] "POST /users/signIn HTTP/1.1" 400 25 "-" "PostmanRuntime/7.26.5"
::1 - - [19/Sep/2020:13:38:19 +0000] "POST /users/signIn HTTP/1.1" 200 2 "-" "PostmanRuntime/7.26.5"
::1 - - [19/Sep/2020:13:51:30 +0000] "POST /users/signIn HTTP/1.1" 400 25 "-" "PostmanRuntime/7.26.5"
::1 - - [19/Sep/2020:13:53:12 +0000] "POST /users/signIn HTTP/1.1" 200 2 "-" "PostmanRuntime/7.26.5"
::1 - - [19/Sep/2020:13:54:31 +0000] "POST /users/signIn HTTP/1.1" 200 2 "-" "PostmanRuntime/7.26.5"
::1 - - [19/Sep/2020:13:55:50 +0000] "POST /users/signIn HTTP/1.1" 200 2 "-" "PostmanRuntime/7.26.5"
::1 - - [19/Sep/2020:13:56:28 +0000] "POST /users/signIn HTTP/1.1" 200 2 "-" "PostmanRuntime/7.26.5"
::1 - - [19/Sep/2020:14:03:18 +0000] "POST /users/signIn HTTP/1.1" 200 2 "-" "PostmanRuntime/7.26.5"
::1 - - [19/Sep/2020:15:35:38 +0000] "POST /users/signIn HTTP/1.1" 200 2 "-" "PostmanRuntime/7.26.5"
::1 - - [19/Sep/2020:15:36:52 +0000] "POST /users/signIn HTTP/1.1" 200 208 "-" "PostmanRuntime/7.26.5"
::1 - - [19/Sep/2020:15:37:05 +0000] "POST /users/signIn HTTP/1.1" 400 25 "-" "PostmanRuntime/7.26.5"
::1 - - [19/Sep/2020:15:37:08 +0000] "POST /users/signIn HTTP/1.1" 200 208 "-" "PostmanRuntime/7.26.5"
::1 - - [19/Sep/2020:15:37:40 +0000] "POST /users/signIn HTTP/1.1" 200 208 "-" "PostmanRuntime/7.26.5"
::1 - - [19/Sep/2020:15:40:24 +0000] "POST /users/signIn HTTP/1.1" 200 219 "-" "PostmanRuntime/7.26.5"
::1 - - [20/Sep/2020:15:30:16 +0000] "GET /users HTTP/1.1" 200 408 "-" "PostmanRuntime/7.26.5"
::1 - - [20/Sep/2020:15:30:26 +0000] "GET /users/23 HTTP/1.1" 200 12 "-" "PostmanRuntime/7.26.5"
::1 - - [20/Sep/2020:15:31:40 +0000] "GET /users/23 HTTP/1.1" 500 85 "-" "PostmanRuntime/7.26.5"
::1 - - [20/Sep/2020:15:33:48 +0000] "GET /users/sdsf23 HTTP/1.1" 500 89 "-" "PostmanRuntime/7.26.5"
::1 - - [20/Sep/2020:15:34:07 +0000] "GET /users/ HTTP/1.1" 200 408 "-" "PostmanRuntime/7.26.5"
::1 - - [20/Sep/2020:15:34:27 +0000] "POST /users HTTP/1.1" 500 41 "-" "PostmanRuntime/7.26.5"
::1 - - [20/Sep/2020:15:34:42 +0000] "POST /users HTTP/1.1" 500 41 "-" "PostmanRuntime/7.26.5"
::1 - - [20/Sep/2020:15:41:35 +0000] "POST /users HTTP/1.1" 500 41 "-" "PostmanRuntime/7.26.5"
::1 - - [20/Sep/2020:16:35:49 +0000] "POST /users HTTP/1.1" 200 235 "-" "PostmanRuntime/7.26.5"
::1 - - [20/Sep/2020:16:35:59 +0000] "GET /users/ HTTP/1.1" 200 635 "-" "PostmanRuntime/7.26.5"
::1 - - [20/Sep/2020:16:36:11 +0000] "DELETE /users/5f6784e51dd0e351a7e3726e HTTP/1.1" 200 246 "-" "PostmanRuntime/7.26.5"
::1 - - [20/Sep/2020:16:36:14 +0000] "DELETE /users/5f6784e51dd0e351a7e3726e HTTP/1.1" 400 70 "-" "PostmanRuntime/7.26.5"
::1 - - [20/Sep/2020:16:39:18 +0000] "DELETE /users/5f6784e51dd0e351a7e3726e HTTP/1.1" 500 23 "-" "PostmanRuntime/7.26.5"
::1 - - [20/Sep/2020:16:40:28 +0000] "DELETE /users/5f6784e51dd0e351a7e3726e HTTP/1.1" 400 79 "-" "PostmanRuntime/7.26.5"
::1 - - [20/Sep/2020:16:41:49 +0000] "GET /projects/ HTTP/1.1" 500 2223 "-" "PostmanRuntime/7.26.5"
::1 - - [20/Sep/2020:16:43:17 +0000] "GET /projects/ HTTP/1.1" 500 2223 "-" "PostmanRuntime/7.26.5"
::1 - - [20/Sep/2020:16:44:26 +0000] "GET /projects/ HTTP/1.1" 500 2223 "-" "PostmanRuntime/7.26.5"
::1 - - [20/Sep/2020:17:00:25 +0000] "GET /projects/ HTTP/1.1" 200 2100 "-" "PostmanRuntime/7.26.5"
::1 - - [20/Sep/2020:17:03:57 +0000] "GET /projects/ HTTP/1.1" 200 2100 "-" "PostmanRuntime/7.26.5"
::1 - - [20/Sep/2020:17:04:22 +0000] "GET /projects/ HTTP/1.1" 200 2100 "-" "PostmanRuntime/7.26.5"
::1 - - [20/Sep/2020:17:05:00 +0000] "GET /projects/5f16b824b93b1d07dcdf603f HTTP/1.1" 200 121 "-" "PostmanRuntime/7.26.5"
::1 - - [20/Sep/2020:17:13:17 +0000] "POST /projects/ HTTP/1.1" 200 195 "-" "PostmanRuntime/7.26.5"
::1 - - [20/Sep/2020:17:13:56 +0000] "POST /projects/ HTTP/1.1" 500 189 "-" "PostmanRuntime/7.26.5"
::1 - - [20/Sep/2020:17:15:51 +0000] "DELETE /projects/23 HTTP/1.1" 500 88 "-" "PostmanRuntime/7.26.5"
::1 - - [20/Sep/2020:17:18:48 +0000] "POST /projects/ HTTP/1.1" 500 189 "-" "PostmanRuntime/7.26.5"
::1 - - [20/Sep/2020:17:18:54 +0000] "POST /projects/ HTTP/1.1" 200 189 "-" "PostmanRuntime/7.26.5"
::1 - - [20/Sep/2020:17:19:30 +0000] "POST /projects/ HTTP/1.1" 500 172 "-" "PostmanRuntime/7.26.5"
::1 - - [20/Sep/2020:17:19:38 +0000] "GET /users/ HTTP/1.1" 200 408 "-" "PostmanRuntime/7.26.5"
::1 - - [20/Sep/2020:17:20:00 +0000] "POST /projects/ HTTP/1.1" 200 215 "-" "PostmanRuntime/7.26.5"
::1 - - [20/Sep/2020:17:20:11 +0000] "GET /projects/5f678f40162280545e2f48d1 HTTP/1.1" 200 226 "-" "PostmanRuntime/7.26.5"
::1 - - [20/Sep/2020:17:20:18 +0000] "GET /projects/ HTTP/1.1" 200 2862 "-" "PostmanRuntime/7.26.5"
::1 - - [20/Sep/2020:17:20:31 +0000] "DELETE /projects/5f16b824b93b1d07dcdf603f HTTP/1.1" 200 12 "-" "PostmanRuntime/7.26.5"
::1 - - [20/Sep/2020:17:20:35 +0000] "GET /projects/ HTTP/1.1" 200 2760 "-" "PostmanRuntime/7.26.5"
::1 - - [20/Sep/2020:18:45:31 +0000] "GET /projects/ HTTP/1.1" 200 2940 "-" "PostmanRuntime/7.26.5"
::1 - - [20/Sep/2020:18:52:58 +0000] "GET /projects/ HTTP/1.1" 200 2940 "-" "PostmanRuntime/7.26.5"
::1 - - [20/Sep/2020:19:25:24 +0000] "GET /users/ HTTP/1.1" 200 408 "-" "PostmanRuntime/7.26.5"
::1 - - [20/Sep/2020:19:28:54 +0000] "GET /users/ HTTP/1.1" 200 12 "-" "PostmanRuntime/7.26.5"
::1 - - [20/Sep/2020:20:29:13 +0000] "GET /projects/ HTTP/1.1" 200 2940 "-" "PostmanRuntime/7.26.5"
::1 - - [20/Sep/2020:20:30:20 +0000] "GET /users/ HTTP/1.1" 400 65 "-" "PostmanRuntime/7.26.5"
::1 - - [20/Sep/2020:20:35:40 +0000] "GET /users/ HTTP/1.1" 400 65 "-" "PostmanRuntime/7.26.5"
::1 - - [20/Sep/2020:20:35:42 +0000] "GET /projects/ HTTP/1.1" 400 65 "-" "PostmanRuntime/7.26.5"
::1 - - [20/Sep/2020:20:35:46 +0000] "POST /projects/ HTTP/1.1" 400 2 "-" "PostmanRuntime/7.26.5"
::1 - - [20/Sep/2020:20:36:32 +0000] "POST /projects/ HTTP/1.1" 400 2 "-" "PostmanRuntime/7.26.5"
::1 - - [20/Sep/2020:20:37:27 +0000] "DELETE /projects/5f16b824b93b1d07dcdf603f HTTP/1.1" 400 65 "-" "PostmanRuntime/7.26.5"
::1 - - [20/Sep/2020:20:43:55 +0000] "POST /projects/ HTTP/1.1" 400 65 "-" "PostmanRuntime/7.26.5"
::1 - - [20/Sep/2020:20:43:59 +0000] "GET /projects/ HTTP/1.1" 400 65 "-" "PostmanRuntime/7.26.5"
::1 - - [20/Sep/2020:22:00:51 +0000] "GET /projects/ HTTP/1.1" 400 65 "-" "PostmanRuntime/7.26.5"
::1 - - [20/Sep/2020:22:26:38 +0000] "POST /users/signIn HTTP/1.1" 400 65 "-" "PostmanRuntime/7.26.5"
::1 - - [20/Sep/2020:22:27:10 +0000] "POST /users/signIn HTTP/1.1" 500 1557 "-" "PostmanRuntime/7.26.5"
::1 - - [20/Sep/2020:22:27:15 +0000] "POST /users/signIn HTTP/1.1" 500 1557 "-" "PostmanRuntime/7.26.5"
::1 - - [20/Sep/2020:22:27:17 +0000] "POST /users/signIn HTTP/1.1" 500 1557 "-" "PostmanRuntime/7.26.5"
::1 - - [20/Sep/2020:22:27:24 +0000] "POST /users/signIn HTTP/1.1" 500 1557 "-" "PostmanRuntime/7.26.5"
::1 - - [20/Sep/2020:22:28:05 +0000] "POST /users/signIn HTTP/1.1" 500 1557 "-" "PostmanRuntime/7.26.5"
::1 - - [20/Sep/2020:22:28:33 +0000] "POST /users/signIn HTTP/1.1" 400 65 "-" "PostmanRuntime/7.26.5"
::1 - - [21/Sep/2020:16:10:31 +0000] "POST /users/signIn HTTP/1.1" 400 65 "-" "PostmanRuntime/7.26.5"
::1 - - [21/Sep/2020:20:23:50 +0000] "POST /auth/signIn HTTP/1.1" 500 2642 "-" "PostmanRuntime/7.26.5"
::1 - - [21/Sep/2020:20:24:37 +0000] "POST /auth/signIn HTTP/1.1" 200 12 "-" "PostmanRuntime/7.26.5"
::1 - - [21/Sep/2020:20:25:11 +0000] "POST /auth/signIn HTTP/1.1" 200 219 "-" "PostmanRuntime/7.26.5"
::1 - - [21/Sep/2020:20:25:20 +0000] "GET /users/ HTTP/1.1" 400 65 "-" "PostmanRuntime/7.26.5"
::1 - - [21/Sep/2020:20:25:40 +0000] "GET /users/ HTTP/1.1" 400 65 "-" "PostmanRuntime/7.26.5"
::1 - - [21/Sep/2020:20:26:38 +0000] "GET /users/ HTTP/1.1" 400 65 "-" "PostmanRuntime/7.26.5"
::1 - - [21/Sep/2020:20:26:40 +0000] "POST /auth/signIn HTTP/1.1" 200 219 "-" "PostmanRuntime/7.26.5"
::1 - - [21/Sep/2020:20:26:42 +0000] "POST /auth/signIn HTTP/1.1" 200 219 "-" "PostmanRuntime/7.26.5"
::1 - - [21/Sep/2020:20:27:13 +0000] "GET /users/ HTTP/1.1" 400 65 "-" "PostmanRuntime/7.26.5"
::1 - - [21/Sep/2020:20:27:25 +0000] "GET /users/ HTTP/1.1" 400 65 "-" "PostmanRuntime/7.26.5"
::1 - - [21/Sep/2020:20:30:27 +0000] "POST /auth/signIn HTTP/1.1" 200 219 "-" "PostmanRuntime/7.26.5"
::1 - - [21/Sep/2020:20:30:34 +0000] "POST /auth/signIn HTTP/1.1" - - "-" "PostmanRuntime/7.26.5"
::1 - - [21/Sep/2020:20:32:24 +0000] "GET /users/ HTTP/1.1" 200 408 "-" "PostmanRuntime/7.26.5"
::1 - - [21/Sep/2020:20:32:34 +0000] "GET /users/ HTTP/1.1" 200 408 "-" "PostmanRuntime/7.26.5"
::1 - - [21/Sep/2020:20:32:54 +0000] "GET /users/ HTTP/1.1" 400 65 "-" "PostmanRuntime/7.26.5"
::1 - - [21/Sep/2020:20:32:57 +0000] "GET /users/ HTTP/1.1" 400 65 "-" "PostmanRuntime/7.26.5"
::1 - - [21/Sep/2020:20:33:04 +0000] "GET /users/ HTTP/1.1" 400 65 "-" "PostmanRuntime/7.26.5"
::1 - - [21/Sep/2020:20:33:21 +0000] "GET /users/ HTTP/1.1" 400 65 "-" "PostmanRuntime/7.26.5"
::1 - - [21/Sep/2020:20:33:36 +0000] "POST /auth/signIn HTTP/1.1" 200 219 "-" "PostmanRuntime/7.26.5"
::1 - - [21/Sep/2020:20:33:43 +0000] "GET /users/ HTTP/1.1" 200 408 "-" "PostmanRuntime/7.26.5"
::1 - - [21/Sep/2020:20:33:47 +0000] "GET /users/ HTTP/1.1" 200 408 "-" "PostmanRuntime/7.26.5"
::1 - - [21/Sep/2020:21:25:57 +0000] "GET /users/ HTTP/1.1" 200 408 "-" "PostmanRuntime/7.26.5"
::1 - - [21/Sep/2020:21:27:35 +0000] "GET /users/ HTTP/1.1" 200 408 "-" "PostmanRuntime/7.26.5"
::1 - - [21/Sep/2020:21:28:34 +0000] "GET /users/ HTTP/1.1" 400 65 "-" "PostmanRuntime/7.26.5"
::1 - - [21/Sep/2020:21:29:32 +0000] "GET /users/ HTTP/1.1" 400 65 "-" "PostmanRuntime/7.26.5"
::1 - - [21/Sep/2020:21:29:38 +0000] "GET /users/ HTTP/1.1" 400 65 "-" "PostmanRuntime/7.26.5"
::1 - - [21/Sep/2020:21:31:24 +0000] "GET /users/ HTTP/1.1" 400 65 "-" "PostmanRuntime/7.26.5"
::1 - - [21/Sep/2020:21:32:00 +0000] "POST /auth/signIn HTTP/1.1" 200 219 "-" "PostmanRuntime/7.26.5"
::1 - - [21/Sep/2020:21:32:15 +0000] "GET /users/ HTTP/1.1" 200 408 "-" "PostmanRuntime/7.26.5"
::1 - - [21/Sep/2020:21:32:28 +0000] "GET /users/ HTTP/1.1" 200 408 "-" "PostmanRuntime/7.26.5"
::1 - - [21/Sep/2020:21:32:31 +0000] "GET /users/ HTTP/1.1" 400 65 "-" "PostmanRuntime/7.26.5"
::1 - - [21/Sep/2020:21:32:34 +0000] "GET /users/ HTTP/1.1" 200 408 "-" "PostmanRuntime/7.26.5"
::1 - - [21/Sep/2020:21:40:20 +0000] "GET /users/ HTTP/1.1" 200 408 "-" "PostmanRuntime/7.26.5"
::1 - - [21/Sep/2020:21:44:49 +0000] "GET /users/ HTTP/1.1" 500 1331 "-" "PostmanRuntime/7.26.5"
::1 - - [21/Sep/2020:21:46:02 +0000] "GET /users/ HTTP/1.1" 200 408 "-" "PostmanRuntime/7.26.5"
::1 - - [21/Sep/2020:21:46:09 +0000] "GET /users/ HTTP/1.1" 400 65 "-" "PostmanRuntime/7.26.5"
::1 - - [21/Sep/2020:21:46:12 +0000] "GET /users/ HTTP/1.1" 200 408 "-" "PostmanRuntime/7.26.5"
::1 - - [22/Sep/2020:21:04:30 +0000] "GET /users/ HTTP/1.1" 400 65 "-" "PostmanRuntime/7.26.5"
